<?xml version="1.0" encoding="UTF-8"?>
<testsuite xmlns:xsi="http://www.w3.org/2001/XMLSchema-instance" xsi:noNamespaceSchemaLocation="https://maven.apache.org/surefire/maven-surefire-plugin/xsd/surefire-test-report-3.0.xsd" version="3.0" name="TestSuite" time="23.54" tests="6" errors="0" skipped="0" failures="0">
  <properties>
[...]
</properties>
  <testcase name="runScenario[&quot;Click the date in Calender&quot;, &quot;Optional[Assignment]&quot;](1)" classname="cucumberOptions.TestRunner" time="11.161">
    <system-out><![CDATA[2021-03-15
]]></system-out>
    <system-err><![CDATA[Starting ChromeDriver 87.0.4280.88 (89e2380a3e36c3464b5dd1302349b1382549290d-refs/branch-heads/4280@{#1761}) on port 4023
Only local connections are allowed.
Please see https://chromedriver.chromium.org/security-considerations for suggestions on keeping ChromeDriver safe.
ChromeDriver was started successfully.
[1614324652.653][WARNING]: This version of ChromeDriver has not been tested with Chrome version 88.
Feb 26, 2021 1:00:54 PM org.openqa.selenium.remote.ProtocolHandshake createSession
INFO: Detected dialect: W3C
]]></system-err>
  </testcase>
  <testcase name="runScenario[&quot;Print Table data&quot;, &quot;Optional[Assignment]&quot;](2)" classname="cucumberOptions.TestRunner" time="11.34">
    <system-out><![CDATA[Header values:
Company                            Contact                            Country                            
..................................................................................
Alfreds Futterkiste                Maria Anders                       Germany                            
Centro comercial Moctezuma         Francisco Chang                    Mexico                             
Ernst Handel                       Roland Mendel                      Austria                            
Island Trading                     Helen Bennett                      UK                                 
Laughing Bacchus Winecellars       Yoshi Tannamuri                    Canada                             
Magazzini Alimentari Riuniti       Giovanni Rovelli                   Italy                              
]]></system-out>
    <system-err><![CDATA[Starting ChromeDriver 87.0.4280.88 (89e2380a3e36c3464b5dd1302349b1382549290d-refs/branch-heads/4280@{#1761}) on port 41145
Only local connections are allowed.
Please see https://chromedriver.chromium.org/security-considerations for suggestions on keeping ChromeDriver safe.
ChromeDriver was started successfully.
[1614324662.979][WARNING]: This version of ChromeDriver has not been tested with Chrome version 88.
Feb 26, 2021 1:01:05 PM org.openqa.selenium.remote.ProtocolHandshake createSession
INFO: Detected dialect: W3C
]]></system-err>
  </testcase>
  <testcase name="runScenario[&quot;Print natural numbers with fizz buzz&quot;, &quot;Optional[Assignment]&quot;](3)" classname="cucumberOptions.TestRunner" time="0.015">
    <system-out><![CDATA[PRINTING VALUES
1
2
3
4
fizz
6
buzz
8
9
fizz
11
12
13
buzz
fizz
16
17
18
19
fizz
buzz
22
23
24
fizz
26
27
buzz
29
fizz
31
32
33
34
fizzbuzz
]]></system-out>
  </testcase>
  <testcase name="runScenario[&quot;Remove duplicates and sort string&quot;, &quot;Optional[Assignment]&quot;](4)" classname="cucumberOptions.TestRunner" time="0.002">
    <system-out><![CDATA[Given input string: fizzbuzzstring
Sorted string: bfginrstuz
]]></system-out>
  </testcase>
  <testcase name="runScenario[&quot;Check current day is working day or not&quot;, &quot;Optional[Assignment]&quot;](5)" classname="cucumberOptions.TestRunner" time="0.001">
    <system-out><![CDATA[Today is a working day!
]]></system-out>
  </testcase>
  <testcase name="runScenario[&quot;Generate random date which is working day within range&quot;, &quot;Optional[Assignment]&quot;](6)" classname="cucumberOptions.TestRunner" time="0.001">
    <system-out><![CDATA[Random Working day: 2021-03-11
]]></system-out>
  </testcase>
</testsuite>