<?xml version="1.0" encoding="UTF-8"?>
<testng-results ignored="0" total="6" passed="6" failed="0" skipped="0">
  <reporter-output>
  </reporter-output>
  <suite started-at="2021-02-26T13:00:50 IST" name="All Test Suite" finished-at="2021-02-26T13:01:13 IST" duration-ms="22816">
    <groups>
      <group name="cucumber">
        <method signature="AbstractTestNGCucumberTests.runScenario(io.cucumber.testng.PickleWrapper, io.cucumber.testng.FeatureWrapper)[pri:0, instance:cucumberOptions.TestRunner@1e730495]" name="runScenario" class="io.cucumber.testng.AbstractTestNGCucumberTests"/>
      </group> <!-- cucumber -->
    </groups>
    <test started-at="2021-02-26T13:00:50 IST" name="C:/Users/himag/IdeaProjects/FinalAssignment" finished-at="2021-02-26T13:01:13 IST" duration-ms="22816">
      <class name="cucumberOptions.TestRunner">
        <test-method is-config="true" signature="setUpClass()[pri:0, instance:cucumberOptions.TestRunner@1e730495]" started-at="2021-02-26T13:00:50 IST" name="setUpClass" finished-at="2021-02-26T13:00:50 IST" duration-ms="285" status="PASS">
          <reporter-output>
          </reporter-output>
        </test-method> <!-- setUpClass -->
        <test-method signature="runScenario(io.cucumber.testng.PickleWrapper, io.cucumber.testng.FeatureWrapper)[pri:0, instance:cucumberOptions.TestRunner@1e730495]" started-at="2021-02-26T13:00:50 IST" name="runScenario" description="Runs Cucumber Scenarios" data-provider="scenarios" finished-at="2021-02-26T13:01:01 IST" duration-ms="10828" status="PASS">
          <params>
            <param index="0">
              <value>
                <![CDATA["Click the date in Calender"]]>
              </value>
            </param>
            <param index="1">
              <value>
                <![CDATA["Optional[Assignment]"]]>
              </value>
            </param>
          </params>
          <reporter-output>
          </reporter-output>
        </test-method> <!-- runScenario -->
        <test-method signature="runScenario(io.cucumber.testng.PickleWrapper, io.cucumber.testng.FeatureWrapper)[pri:0, instance:cucumberOptions.TestRunner@1e730495]" started-at="2021-02-26T13:01:01 IST" name="runScenario" description="Runs Cucumber Scenarios" data-provider="scenarios" finished-at="2021-02-26T13:01:13 IST" duration-ms="11591" status="PASS">
          <params>
            <param index="0">
              <value>
                <![CDATA["Print Table data"]]>
              </value>
            </param>
            <param index="1">
              <value>
                <![CDATA["Optional[Assignment]"]]>
              </value>
            </param>
          </params>
          <reporter-output>
          </reporter-output>
        </test-method> <!-- runScenario -->
        <test-method signature="runScenario(io.cucumber.testng.PickleWrapper, io.cucumber.testng.FeatureWrapper)[pri:0, instance:cucumberOptions.TestRunner@1e730495]" started-at="2021-02-26T13:01:13 IST" name="runScenario" description="Runs Cucumber Scenarios" data-provider="scenarios" finished-at="2021-02-26T13:01:13 IST" duration-ms="16" status="PASS">
          <params>
            <param index="0">
              <value>
                <![CDATA["Print natural numbers with fizz buzz"]]>
              </value>
            </param>
            <param index="1">
              <value>
                <![CDATA["Optional[Assignment]"]]>
              </value>
            </param>
          </params>
          <reporter-output>
          </reporter-output>
        </test-method> <!-- runScenario -->
        <test-method signature="runScenario(io.cucumber.testng.PickleWrapper, io.cucumber.testng.FeatureWrapper)[pri:0, instance:cucumberOptions.TestRunner@1e730495]" started-at="2021-02-26T13:01:13 IST" name="runScenario" description="Runs Cucumber Scenarios" data-provider="scenarios" finished-at="2021-02-26T13:01:13 IST" duration-ms="6" status="PASS">
          <params>
            <param index="0">
              <value>
                <![CDATA["Remove duplicates and sort string"]]>
              </value>
            </param>
            <param index="1">
              <value>
                <![CDATA["Optional[Assignment]"]]>
              </value>
            </param>
          </params>
          <reporter-output>
          </reporter-output>
        </test-method> <!-- runScenario -->
        <test-method signature="runScenario(io.cucumber.testng.PickleWrapper, io.cucumber.testng.FeatureWrapper)[pri:0, instance:cucumberOptions.TestRunner@1e730495]" started-at="2021-02-26T13:01:13 IST" name="runScenario" description="Runs Cucumber Scenarios" data-provider="scenarios" finished-at="2021-02-26T13:01:13 IST" duration-ms="5" status="PASS">
          <params>
            <param index="0">
              <value>
                <![CDATA["Check current day is working day or not"]]>
              </value>
            </param>
            <param index="1">
              <value>
                <![CDATA["Optional[Assignment]"]]>
              </value>
            </param>
          </params>
          <reporter-output>
          </reporter-output>
        </test-method> <!-- runScenario -->
        <test-method signature="runScenario(io.cucumber.testng.PickleWrapper, io.cucumber.testng.FeatureWrapper)[pri:0, instance:cucumberOptions.TestRunner@1e730495]" started-at="2021-02-26T13:01:13 IST" name="runScenario" description="Runs Cucumber Scenarios" data-provider="scenarios" finished-at="2021-02-26T13:01:13 IST" duration-ms="8" status="PASS">
          <params>
            <param index="0">
              <value>
                <![CDATA["Generate random date which is working day within range"]]>
              </value>
            </param>
            <param index="1">
              <value>
                <![CDATA["Optional[Assignment]"]]>
              </value>
            </param>
          </params>
          <reporter-output>
          </reporter-output>
        </test-method> <!-- runScenario -->
        <test-method is-config="true" signature="tearDownClass()[pri:0, instance:cucumberOptions.TestRunner@1e730495]" started-at="2021-02-26T13:01:13 IST" name="tearDownClass" finished-at="2021-02-26T13:01:13 IST" duration-ms="31" status="PASS">
          <reporter-output>
          </reporter-output>
        </test-method> <!-- tearDownClass -->
      </class> <!-- cucumberOptions.TestRunner -->
    </test> <!-- C:/Users/himag/IdeaProjects/FinalAssignment -->
  </suite> <!-- All Test Suite -->
</testng-results>
